src/ai-node-editor/TacticalPositionProfileEditor.ts(191,12): error TS2352: Conversion of type 'TacticalPositionSettings' to type 'Record<string, number | boolean>' may be a mistake because neither type sufficiently overlaps with the other. If this was intentional, convert the expression to 'unknown' first.
  Index signature for type 'string' is missing in type 'TacticalPositionSettings'.
src/ai-node-editor/TacticalPositionProfileEditor.ts(199,10): error TS2352: Conversion of type 'TacticalPositionSettings' to type 'Record<string, number | boolean>' may be a mistake because neither type sufficiently overlaps with the other. If this was intentional, convert the expression to 'unknown' first.
  Index signature for type 'string' is missing in type 'TacticalPositionSettings'.
src/core/tactical/TacticalPositionObjective.ts(120,62): error TS2345: Argument of type 'TacticalPositionSettings | undefined' is not assignable to parameter of type 'TacticalPositionSettings'.
  Type 'undefined' is not assignable to type 'TacticalPositionSettings'.
src/ui/TacticalPositionSearchControls.ts(94,60): error TS2345: Argument of type 'TacticalPositionCandidateSeed' is not assignable to parameter of type 'TacticalPositionCandidateSeedV2'.
  Types of property 'metrics' are incompatible.
    Type 'TacticalCandidateMetrics' is not assignable to type 'TacticalCandidateMetrics & TacticalPositionCandidateMetricsV2'.
      Type 'TacticalCandidateMetrics' is missing the following properties from type 'TacticalPositionCandidateMetricsV2': danger, suppression, safety, safetyGain, and 2 more.

> real-wargame@0.1.0 tactical-position:smoke
> node scripts/tactical_position_search_smoke.mjs && node scripts/tactical_position_interaction_smoke.mjs && node scripts/tactical_position_tuning_smoke.mjs && node scripts/tactical_position_request_service_smoke.mjs && node scripts/tactical_position_graph_runtime_smoke.mjs && node scripts/tactical_position_objective_smoke.mjs

node:internal/modules/run_main:123
    triggerUncaughtException(
    ^

AssertionError [ERR_ASSERTION]: Expected values to be strictly equal:
+ actual - expected

+ 'prone'
- 'crouched'
    at verifyPostureRecommendationUsesPreparedPostureFields (file:///home/runner/work/Real-wargame/Real-wargame/.tmp-tactical-position-search-smoke/tactical-position-search-smoke.mjs?run=1784504690334:510:10)
    at file:///home/runner/work/Real-wargame/Real-wargame/.tmp-tactical-position-search-smoke/tactical-position-search-smoke.mjs?run=1784504690334:416:1
    at ModuleJob.run (node:internal/modules/esm/module_job:325:25)
    at async ModuleLoader.import (node:internal/modules/esm/loader:606:24)
    at async file:///home/runner/work/Real-wargame/Real-wargame/scripts/tactical_position_search_smoke.mjs:29:3 {
  generatedMessage: true,
  code: 'ERR_ASSERTION',
  actual: 'prone',
  expected: 'crouched',
  operator: 'strictEqual'
}

Node.js v20.20.2

> real-wargame@0.1.0 tactical-query:smoke
> node scripts/tactical_query_system_smoke.mjs

Tactical Query System smoke passed: explicit generation, filtering, scoring, selection, budgets, diagnostics and inert empty graph.

> real-wargame@0.1.0 workspace:smoke
> node scripts/tactical_workspace_smoke.mjs

Tactical workspace smoke failed:
- src/ui/TacticalWorkspace.ts: missing "type SimulationTab = 'info' | 'danger' | 'stealth' | 'memory'"
- src/ui/TacticalWorkspace.ts: missing "Симуляция"
- src/ui/TacticalWorkspace.ts: missing "Редактирование"
- src/ui/TacticalWorkspace.ts: missing "Слой опасности"
- src/ui/TacticalWorkspace.ts: missing "Слой скрытности"
- src/ui/TacticalWorkspace.ts: missing "Обзор и память"
- src/ui/TacticalWorkspace.ts: missing "Приказать двигаться сюда"
- src/ui/TacticalWorkspace.ts: missing "Диагностика ИИ (без изменений)"
- src/ui/TacticalWorkspace.ts: missing "Рассчитать и выполнить"
- src/ui/TacticalWorkspace.ts: missing "workspace-file-menu"
- src/ui/TacticalWorkspace.ts: missing "updateInfoPanelLive"
- src/ui/TacticalWorkspace.ts: missing "stableDecision"
- src/ui/TacticalWorkspace.ts: missing "buildWorkspaceUpdateKey"
- src/ui/TacticalWorkspace.ts: missing "lastWorkspaceUpdateKey"
- src/ui/TacticalWorkspace.ts: missing "data-action=\"turn-unit\""
- src/ui/TacticalWorkspace.ts: missing "Повернуть"
- src/ui/TacticalWorkspace.ts: missing "data-action=\"unit-attention-mode\""
- src/ui/TacticalWorkspace.ts: missing "Автоматически"
- src/ui/TacticalWorkspace.ts: missing "Наблюдение"
- src/ui/TacticalWorkspace.ts: missing "Поиск"
- src/ui/TacticalWorkspace.ts: missing "Стрельба"
- src/ui/TacticalWorkspace.ts: missing "setAttentionMode"
- src/ui/TacticalWorkspace.ts: missing "clearAttentionOverride"
- src/core/simulation/SimulationTick.ts: missing "applyFinalFacing"
- src/core/simulation/SimulationTick.ts: missing "unit.facingRadians = order.finalFacingRadians"
- src/rendering/PixiOverlayRenderer.ts: missing "STABLE_DIRECTIONAL_FIRE_COLOR"
- src/rendering/PixiOverlayRenderer.ts: missing "CURRENT_CONTACT_MARKER_COLOR"
- src/ui/WorkspaceTooltipGuard.ts: missing "clearCoverTooltip"
- src/ui/WorkspaceTooltipGuard.ts: missing "[data-tab], [data-mode]"
- src/ui/WorkspaceTooltipGuard.ts: missing "tooltip.hidden = true"
- src/core/knowledge/SoldierDangerField.ts: missing "readDirectionalBasisValue"
- src/rendering/PixiAwarenessHeatmapRenderer.ts: missing "latestRequestedWorldKey"
- src/rendering/PixiAwarenessHeatmapRenderer.ts: missing "workerJobsCoalesced"
- src/rendering/PixiAwarenessHeatmapRenderer.ts: missing "workerResultsStaleDropped"
- src/rendering/PixiAwarenessHeatmapRenderer.ts: missing "new Worker"
- src/rendering/PixiAwarenessHeatmapRenderer.ts: missing "AwarenessWorldWorker.ts"
- src/tactical-workspace-stage8.css: missing ".cover-map-tooltip[hidden]"

> real-wargame@0.1.0 editor:smoke
> node scripts/ai_node_editor_smoke.mjs && node scripts/ai_node_editor_v2_only_smoke.mjs

[OK] file exists: ai-node-editor.html
[OK] file exists: lab-launch.html
[OK] file exists: Run-Real-Wargame-Lab.bat
[OK] file exists: src/ai-node-editor/main.ts
[OK] file exists: src/ai-node-editor/human-node-ui.ts
[OK] file exists: src/ai-node-editor/stateful-node-ui.ts
[OK] file exists: src/ai-node-editor/editor-click-guard.ts
[OK] file exists: src/ai-node-editor/runtime-debug-overlay.ts
[OK] file exists: src/ai-node-editor/runtime-debug-overlay.css
[OK] file exists: src/ai-node-editor/ai-node-editor.css
[OK] file exists: src/ai-node-editor/ai-node-editor-authoring.css
[OK] file exists: src/ai-node-editor/human-node-ui.css
[OK] file exists: src/ai-game-bridge.css
[OK] file exists: src/shared/AppShellMenu.ts
[OK] file exists: src/shared/app-shell-menu.css
[OK] file exists: src/core/simulation/SimulationState.ts
[OK] file exists: src/rendering/PixiApp.ts
[OK] file exists: src/core/ai/AiGameBridge.ts
[OK] file exists: src/core/ai/AiGraphRunner.ts
[OK] file exists: src/data/ai/soldier_default_survival_graph.json
[OK] file exists: scripts/ai_engine_core.mjs
[OK] file exists: scripts/local_ai_engine.mjs
[OK] file exists: scripts/real_wargame_lab_manager.mjs
[OK] file exists: Run-AI-Node-Editor.bat
[OK] contains: /src/ai-node-editor/editor-click-guard.ts
[OK] contains: /src/ai-node-editor/main.ts
[OK] contains: /src/ai-node-editor/human-node-ui.ts
[OK] contains: /src/ai-node-editor/stateful-node-ui.ts
[OK] contains: /src/ai-node-editor/runtime-debug-overlay.ts
[OK] contains: /src/ai-node-editor/runtime-debug-overlay.css
[OK] contains: real-wargame.ai-node-editor.graph.v6
[OK] does not contain: graph.v5
[OK] contains: .human-node-panel
[OK] contains: .inspector-panel
[OK] contains: .app-shell-menu
[OK] contains: select
[OK] contains: input
[OK] contains: textarea
[OK] contains: real-wargame.ai-node-editor.debug.v1
[OK] contains: ai-graph-runtime-debug
[OK] contains: runtime-debug-winner
[OK] contains: runtime-debug-score
[OK] contains: runtime-debug-pass
[OK] contains: runtime-debug-fail
[OK] contains: Победила
[OK] contains: След ИИ
[OK] contains: ai-runtime-debug-panel
[OK] contains: runtime-debug-winner
[OK] contains: runtime-debug-score
[OK] contains: runtime-debug-badge
[OK] contains: /src/shared/AppShellMenu.ts
[OK] contains: openGameTab
[OK] contains: openEditorTab
[OK] contains: real-wargame.ai-node-editor.graph.v6
[OK] does not contain: installAppShellMenu
[OK] does not contain: mode: 'editor'
[OK] does not contain: run-check-45
[OK] does not contain: runSimpleCheck45
[OK] contains: Данные бойца
[OK] contains: data-editor-global-actions
[OK] contains: data-editor-action="refresh"
[OK] contains: data-editor-action="open-game"
[OK] contains: data-editor-action="exit"
[OK] does not contain: data-navigation-tab="diagnostics"
[OK] contains: addNodeFromPalette
[OK] contains: startConnectionDrag
[OK] contains: createDefaultParameters
[OK] contains: createContractDefaultParameters
[OK] contains: renderContractParameterFields
[OK] contains: readContractParameterFields
[OK] contains: type:'Reload'
[OK] contains: requiredParameter('durationSeconds'
[OK] contains: requiredParameter('targetAmmo'
[OK] contains: requiredParameter('failIfNoWeapon'
[OK] does not contain: DangerAbove
[OK] does not contain: StressAbove
[OK] does not contain: ScoreDanger
[OK] does not contain: FindBestCover
[OK] contains: pause-toggle
[OK] contains: installAiGameBridge
[OK] contains: installAiGameBridge(state)
[OK] contains: ./ai-game-bridge.css
[OK] contains: installAppShellMenu
[OK] contains: mode: 'game'
[OK] contains: pause-toggle
[OK] contains: setPaused(!getPaused())
[OK] contains: PausableRuntimeState
[OK] contains: syncPauseStateToDebugTrace
[OK] contains: export interface SimulationState
[OK] contains: getSelectedUnits
[OK] contains: beginEditorPointerAction
[OK] contains: spawnEditorUnit
[OK] does not contain: paused: boolean
[OK] contains: PausableSimulationState
[OK] contains: if (!this.getPaused())
[OK] contains: forceRender
[OK] contains: Пауза
[OK] contains: Редактор ИИ солдат
[OK] contains: Новая игра
[OK] contains: Выход
[OK] contains: Обновить
[OK] contains: Открыть игру
[OK] contains: openEditorTab
[OK] contains: openGameTab
[OK] contains: requestLabShutdown
[OK] contains: BroadcastChannel
[OK] contains: real-wargame.lab.close-tabs
[OK] contains: http://127.0.0.1:8799/lab/shutdown
[OK] contains: LAB_MANAGER_PORT = 8799
[OK] contains: startChildProcess
[OK] contains: npm run dev
[OK] contains: npm run engine:dev
[OK] contains: /lab/health
[OK] contains: /lab/shutdown
[OK] contains: killPorts
[OK] contains: 5173
[OK] contains: 8787
[OK] contains: real_wargame_lab_manager.mjs
[OK] contains: WindowStyle Hidden
[OK] contains: lab-launch.html
[OK] contains: runAiGraph
[FAIL] GraphRunner должен содержать: executeUtilitySelector

> real-wargame@0.1.0 deployment-pages:smoke
> node scripts/deployment_pages_smoke.mjs

Deployment pages smoke failed:
- index.html: файл не найден
- ai-node-editor.html: файл не найден
[36mvite v5.4.21 [32mbuilding for production...[36m[39m
transforming...
[32m✓[39m 1014 modules transformed.
rendering chunks...
computing gzip size...
[2mdist/[22m[32mai-node-editor.html                      [39m[1m[2m    0.66 kB[22m[1m[22m[2m │ gzip:   0.38 kB[22m
[2mdist/[22m[32mindex.html                               [39m[1m[2m    2.06 kB[22m[1m[22m[2m │ gzip:   1.01 kB[22m
[2mdist/[22m[2massets/[22m[32mRouteCostWorker-CeguDjkf.js       [39m[1m[2m   52.21 kB[22m[1m[22m
[2mdist/[22m[2massets/[22m[32mAwarenessWorldWorker-Bdl73gb0.js  [39m[1m[2m   65.60 kB[22m[1m[22m
[2mdist/[22m[2massets/[22m[35mAiDictionaryPanel-CrcVLkCi.css    [39m[1m[2m    7.29 kB[22m[1m[22m[2m │ gzip:   2.03 kB[22m
[2mdist/[22m[2massets/[22m[35maiNodeEditor-Bab-Jgwm.css         [39m[1m[2m   46.85 kB[22m[1m[22m[2m │ gzip:   9.41 kB[22m
[2mdist/[22m[2massets/[22m[35mgame-Cf4K4xJE.css                 [39m[1m[2m   58.61 kB[22m[1m[22m[2m │ gzip:  11.63 kB[22m
[2mdist/[22m[2massets/[22m[36mFilter-C8N4hWVQ.js                [39m[1m[2m    0.90 kB[22m[1m[22m[2m │ gzip:   0.47 kB[22m
[2mdist/[22m[2massets/[22m[36mBufferResource-kdBSqOEz.js        [39m[1m[2m   10.60 kB[22m[1m[22m[2m │ gzip:   2.79 kB[22m
[2mdist/[22m[2massets/[22m[36mwebworkerAll-iem1hzy8.js          [39m[1m[2m   15.59 kB[22m[1m[22m[2m │ gzip:   4.94 kB[22m
[2mdist/[22m[2massets/[22m[36mCanvasRenderer-jWjCjyjd.js        [39m[1m[2m   18.07 kB[22m[1m[22m[2m │ gzip:   6.04 kB[22m
[2mdist/[22m[2massets/[22m[36mWebGPURenderer-BAIuWII2.js        [39m[1m[2m   39.13 kB[22m[1m[22m[2m │ gzip:  10.96 kB[22m
[2mdist/[22m[2massets/[22m[36mbrowserAll-C9ppvJDc.js            [39m[1m[2m   43.27 kB[22m[1m[22m[2m │ gzip:  11.37 kB[22m
[2mdist/[22m[2massets/[22m[36mRenderTargetSystem-DQJh4PU9.js    [39m[1m[2m   46.67 kB[22m[1m[22m[2m │ gzip:  12.86 kB[22m
[2mdist/[22m[2massets/[22m[36mWebGLRenderer-CkLGPc69.js         [39m[1m[2m   68.92 kB[22m[1m[22m[2m │ gzip:  18.94 kB[22m
[2mdist/[22m[2massets/[22m[36mAiDictionaryPanel-BRQC7n5b.js     [39m[1m[2m  150.22 kB[22m[1m[22m[2m │ gzip:  43.91 kB[22m
[2mdist/[22m[2massets/[22m[36maiNodeEditor-_R5IYeaj.js          [39m[1m[2m  248.88 kB[22m[1m[22m[2m │ gzip:  77.46 kB[22m
[2mdist/[22m[2massets/[22m[36mgame-D-wbrSbc.js                  [39m[1m[33m1,073.22 kB[39m[22m[2m │ gzip: 322.05 kB[22m
[33m
(!) Some chunks are larger than 500 kB after minification. Consider:
- Using dynamic import() to code-split the application
- Use build.rollupOptions.output.manualChunks to improve chunking: https://rollupjs.org/configuration-options/#output-manualchunks
- Adjust chunk size limit for this warning via build.chunkSizeWarningLimit.[39m
[32m✓ built in 7.34s[39m
