
added 76 packages, and audited 77 packages in 2s

16 packages are looking for funding
  run `npm fund` for details

2 vulnerabilities (1 moderate, 1 high)

To address all issues (including breaking changes), run:
  npm audit fix --force

Run `npm audit` for details.
Graph v2 behavior ownership refactor applied.

> real-wargame@0.1.0 graph-v2:smoke
> node scripts/ai_graph_v2_contracts_smoke.mjs

AI Graph v2 contracts smoke passed: 40 contracts, migration, validation and memory scopes.

> real-wargame@0.1.0 subgraph:smoke
> node scripts/ai_subgraph_runtime_smoke.mjs

AI subgraph runtime smoke passed: registry, recursion guard, bindings, isolation, restore, cancellation and cleanup.

> real-wargame@0.1.0 state-machine:smoke
> node scripts/ai_state_machine_smoke.mjs

AI state machine smoke passed: hierarchy, priority, wildcard emergency, minimum duration, hysteresis, trace and restore.

> real-wargame@0.1.0 state-plan-scenario:smoke
> node scripts/ai_state_plan_scenario_smoke.mjs

AI state/plan scenario smoke passed: Idle, order, contact cancel, cover replacement, suppression, snapshot restore, no repeated start, completion and stable exit.

> real-wargame@0.1.0 move-bridge:smoke
> node scripts/ai_stateful_move_bridge_smoke.mjs && node scripts/ai_plan_move_scope_smoke.mjs && node scripts/ai_graph_ownership_smoke.mjs

AI stateful move bridge smoke passed: exact routed AI target, path memory, movement, ownership, cleanup, unreachable start and blocked exact goal.
AI plan move scope smoke passed: nested destination remains available to route monitoring.
AI graph ownership smoke passed: empty graph is inert; state changes and plans start only from explicit Graph v2 nodes.

> real-wargame@0.1.0 build
> tsc && vite build

src/core/ai/AiGameBridge.ts(907,23): error TS2352: Conversion of type 'Record<string, unknown>[]' to type 'readonly AiBlackboardSchemaEntry[]' may be a mistake because neither type sufficiently overlaps with the other. If this was intentional, convert the expression to 'unknown' first.
  Type 'Record<string, unknown>' is missing the following properties from type 'AiBlackboardSchemaEntry': key, valueKind, label, description, and 3 more.
