=== TypeScript ===
=== Tactical position smoke ===

> real-wargame@0.1.0 tactical-position:smoke
> node scripts/tactical_position_search_smoke.mjs && node scripts/tactical_position_interaction_smoke.mjs && node scripts/tactical_position_tuning_smoke.mjs && node scripts/tactical_position_request_service_smoke.mjs && node scripts/tactical_position_graph_runtime_smoke.mjs && node scripts/tactical_position_objective_smoke.mjs

Tactical position search smoke passed: field-owned candidates, highest-safe posture, tunable thresholds, non-maximum suppression and deterministic work budgets.
Tactical position interaction smoke passed: bounded marker selection, B2 glyphs and one-time arrival posture.
Tactical position Graph v2 smoke passed: one exact simulation request is persisted, polled statefully and reused by Filter/Score/Select.
Tactical workspace smoke failed:
- src/ui/TacticalWorkspace.ts: missing "type SimulationTab = 'info' | 'danger' | 'stealth' | 'memory'"
- src/ui/TacticalWorkspace.ts: missing "Симуляция"
- src/ui/TacticalWorkspace.ts: missing "Редактирование"
- src/ui/TacticalWorkspace.ts: missing "Слой опасности"
- src/ui/TacticalWorkspace.ts: missing "Слой скрытности"
- src/ui/TacticalWorkspace.ts: missing "Обзор и память"
- src/ui/TacticalWorkspace.ts: missing "Приказать двигаться сюда"
- src/ui/TacticalWorkspace.ts: missing "Диагностика ИИ (без изменений)"
- src/ui/TacticalWorkspace.ts: missing "Рассчитать и выполнить"
- src/ui/TacticalWorkspace.ts: missing "workspace-file-menu"
- src/ui/TacticalWorkspace.ts: missing "updateInfoPanelLive"
- src/ui/TacticalWorkspace.ts: missing "stableDecision"
- src/ui/TacticalWorkspace.ts: missing "buildWorkspaceUpdateKey"
- src/ui/TacticalWorkspace.ts: missing "lastWorkspaceUpdateKey"
- src/ui/TacticalWorkspace.ts: missing "data-action=\"turn-unit\""
- src/ui/TacticalWorkspace.ts: missing "Повернуть"
- src/ui/TacticalWorkspace.ts: missing "data-action=\"unit-attention-mode\""
- src/ui/TacticalWorkspace.ts: missing "Автоматически"
- src/ui/TacticalWorkspace.ts: missing "Наблюдение"
- src/ui/TacticalWorkspace.ts: missing "Поиск"
- src/ui/TacticalWorkspace.ts: missing "Стрельба"
- src/ui/TacticalWorkspace.ts: missing "setAttentionMode"
- src/ui/TacticalWorkspace.ts: missing "clearAttentionOverride"
- src/core/simulation/SimulationTick.ts: missing "applyFinalFacing"
- src/core/simulation/SimulationTick.ts: missing "unit.facingRadians = order.finalFacingRadians"
- src/rendering/PixiOverlayRenderer.ts: missing "STABLE_DIRECTIONAL_FIRE_COLOR"
- src/rendering/PixiOverlayRenderer.ts: missing "CURRENT_CONTACT_MARKER_COLOR"
- src/ui/WorkspaceTooltipGuard.ts: missing "clearCoverTooltip"
- src/ui/WorkspaceTooltipGuard.ts: missing "[data-tab], [data-mode]"
- src/ui/WorkspaceTooltipGuard.ts: missing "tooltip.hidden = true"
- src/core/knowledge/SoldierDangerField.ts: missing "readDirectionalBasisValue"
- src/rendering/PixiAwarenessHeatmapRenderer.ts: missing "latestRequestedWorldKey"
- src/rendering/PixiAwarenessHeatmapRenderer.ts: missing "workerJobsCoalesced"
- src/rendering/PixiAwarenessHeatmapRenderer.ts: missing "workerResultsStaleDropped"
- src/rendering/PixiAwarenessHeatmapRenderer.ts: missing "new Worker"
- src/rendering/PixiAwarenessHeatmapRenderer.ts: missing "AwarenessWorldWorker.ts"
- src/tactical-workspace-stage8.css: missing ".cover-map-tooltip[hidden]"
=== Workspace smoke ===

> real-wargame@0.1.0 workspace:smoke
> node scripts/tactical_workspace_smoke.mjs

Tactical workspace smoke failed:
- src/ui/TacticalWorkspace.ts: missing "type SimulationTab = 'info' | 'danger' | 'stealth' | 'memory'"
- src/ui/TacticalWorkspace.ts: missing "Симуляция"
- src/ui/TacticalWorkspace.ts: missing "Редактирование"
- src/ui/TacticalWorkspace.ts: missing "Слой опасности"
- src/ui/TacticalWorkspace.ts: missing "Слой скрытности"
- src/ui/TacticalWorkspace.ts: missing "Обзор и память"
- src/ui/TacticalWorkspace.ts: missing "Приказать двигаться сюда"
- src/ui/TacticalWorkspace.ts: missing "Диагностика ИИ (без изменений)"
- src/ui/TacticalWorkspace.ts: missing "Рассчитать и выполнить"
- src/ui/TacticalWorkspace.ts: missing "workspace-file-menu"
- src/ui/TacticalWorkspace.ts: missing "updateInfoPanelLive"
- src/ui/TacticalWorkspace.ts: missing "stableDecision"
- src/ui/TacticalWorkspace.ts: missing "buildWorkspaceUpdateKey"
- src/ui/TacticalWorkspace.ts: missing "lastWorkspaceUpdateKey"
- src/ui/TacticalWorkspace.ts: missing "data-action=\"turn-unit\""
- src/ui/TacticalWorkspace.ts: missing "Повернуть"
- src/ui/TacticalWorkspace.ts: missing "data-action=\"unit-attention-mode\""
- src/ui/TacticalWorkspace.ts: missing "Автоматически"
- src/ui/TacticalWorkspace.ts: missing "Наблюдение"
- src/ui/TacticalWorkspace.ts: missing "Поиск"
- src/ui/TacticalWorkspace.ts: missing "Стрельба"
- src/ui/TacticalWorkspace.ts: missing "setAttentionMode"
- src/ui/TacticalWorkspace.ts: missing "clearAttentionOverride"
- src/core/simulation/SimulationTick.ts: missing "applyFinalFacing"
- src/core/simulation/SimulationTick.ts: missing "unit.facingRadians = order.finalFacingRadians"
- src/rendering/PixiOverlayRenderer.ts: missing "STABLE_DIRECTIONAL_FIRE_COLOR"
- src/rendering/PixiOverlayRenderer.ts: missing "CURRENT_CONTACT_MARKER_COLOR"
- src/ui/WorkspaceTooltipGuard.ts: missing "clearCoverTooltip"
- src/ui/WorkspaceTooltipGuard.ts: missing "[data-tab], [data-mode]"
- src/ui/WorkspaceTooltipGuard.ts: missing "tooltip.hidden = true"
- src/core/knowledge/SoldierDangerField.ts: missing "readDirectionalBasisValue"
- src/rendering/PixiAwarenessHeatmapRenderer.ts: missing "latestRequestedWorldKey"
- src/rendering/PixiAwarenessHeatmapRenderer.ts: missing "workerJobsCoalesced"
- src/rendering/PixiAwarenessHeatmapRenderer.ts: missing "workerResultsStaleDropped"
- src/rendering/PixiAwarenessHeatmapRenderer.ts: missing "new Worker"
- src/rendering/PixiAwarenessHeatmapRenderer.ts: missing "AwarenessWorldWorker.ts"
- src/tactical-workspace-stage8.css: missing ".cover-map-tooltip[hidden]"
=== Production build ===
[36mvite v5.4.21 [32mbuilding for production...[36m[39m
transforming...
[32m✓[39m 1014 modules transformed.
rendering chunks...
computing gzip size...
[2mdist/[22m[32mai-node-editor.html                      [39m[1m[2m    0.61 kB[22m[1m[22m[2m │ gzip:   0.36 kB[22m
[2mdist/[22m[32mindex.html                               [39m[1m[2m    2.00 kB[22m[1m[22m[2m │ gzip:   1.00 kB[22m
[2mdist/[22m[2massets/[22m[32mRouteCostWorker-CeguDjkf.js       [39m[1m[2m   52.21 kB[22m[1m[22m
[2mdist/[22m[2massets/[22m[32mAwarenessWorldWorker-Bdl73gb0.js  [39m[1m[2m   65.60 kB[22m[1m[22m
[2mdist/[22m[2massets/[22m[35mAiDictionaryPanel-CrcVLkCi.css    [39m[1m[2m    7.29 kB[22m[1m[22m[2m │ gzip:   2.03 kB[22m
[2mdist/[22m[2massets/[22m[35maiNodeEditor-Bab-Jgwm.css         [39m[1m[2m   46.85 kB[22m[1m[22m[2m │ gzip:   9.41 kB[22m
[2mdist/[22m[2massets/[22m[35mgame-Cf4K4xJE.css                 [39m[1m[2m   58.61 kB[22m[1m[22m[2m │ gzip:  11.63 kB[22m
[2mdist/[22m[2massets/[22m[36mFilter-vfxWZwwl.js                [39m[1m[2m    0.90 kB[22m[1m[22m[2m │ gzip:   0.48 kB[22m
[2mdist/[22m[2massets/[22m[36mBufferResource-DTfnggL-.js        [39m[1m[2m   10.60 kB[22m[1m[22m[2m │ gzip:   2.80 kB[22m
[2mdist/[22m[2massets/[22m[36mwebworkerAll-DBJB2ckc.js          [39m[1m[2m   15.59 kB[22m[1m[22m[2m │ gzip:   4.94 kB[22m
[2mdist/[22m[2massets/[22m[36mCanvasRenderer-B0HzeVJz.js        [39m[1m[2m   18.07 kB[22m[1m[22m[2m │ gzip:   6.04 kB[22m
[2mdist/[22m[2massets/[22m[36mWebGPURenderer-D8IocgF9.js        [39m[1m[2m   39.13 kB[22m[1m[22m[2m │ gzip:  10.95 kB[22m
[2mdist/[22m[2massets/[22m[36mbrowserAll-DLayIg9u.js            [39m[1m[2m   43.27 kB[22m[1m[22m[2m │ gzip:  11.37 kB[22m
[2mdist/[22m[2massets/[22m[36mRenderTargetSystem-DioHcFby.js    [39m[1m[2m   46.67 kB[22m[1m[22m[2m │ gzip:  12.86 kB[22m
[2mdist/[22m[2massets/[22m[36mWebGLRenderer-CXbwR685.js         [39m[1m[2m   68.92 kB[22m[1m[22m[2m │ gzip:  18.94 kB[22m
[2mdist/[22m[2massets/[22m[36mAiDictionaryPanel-Cf0B2ZAI.js     [39m[1m[2m  150.24 kB[22m[1m[22m[2m │ gzip:  43.92 kB[22m
[2mdist/[22m[2massets/[22m[36maiNodeEditor-LopYfYNd.js          [39m[1m[2m  248.88 kB[22m[1m[22m[2m │ gzip:  77.46 kB[22m
[2mdist/[22m[2massets/[22m[36mgame-CX83xmIF.js                  [39m[1m[33m1,072.53 kB[39m[22m[2m │ gzip: 321.78 kB[22m
[33m
(!) Some chunks are larger than 500 kB after minification. Consider:
- Using dynamic import() to code-split the application
- Use build.rollupOptions.output.manualChunks to improve chunking: https://rollupjs.org/configuration-options/#output-manualchunks
- Adjust chunk size limit for this warning via build.chunkSizeWarningLimit.[39m
[32m✓ built in 6.92s[39m
