
> real-wargame@0.1.0 build
> tsc && vite build

[36mvite v5.4.21 [32mbuilding for production...[36m[39m
transforming...
[32m✓[39m 584 modules transformed.
rendering chunks...
computing gzip size...
[2mdist/[22m[32mindex.html                 [39m[1m[2m  1.76 kB[22m[1m[22m[2m │ gzip:   0.92 kB[22m
[2mdist/[22m[2massets/[22m[35mindex-C8byIRAo.css  [39m[1m[2m 51.97 kB[22m[1m[22m[2m │ gzip:  10.41 kB[22m
[2mdist/[22m[2massets/[22m[36mindex-cJcXhrLS.js   [39m[1m[33m883.58 kB[39m[22m[2m │ gzip: 270.19 kB[22m
[33m
(!) Some chunks are larger than 500 kB after minification. Consider:
- Using dynamic import() to code-split the application
- Use build.rollupOptions.output.manualChunks to improve chunking: https://rollupjs.org/configuration-options/#output-manualchunks
- Adjust chunk size limit for this warning via build.chunkSizeWarningLimit.[39m
[32m✓ built in 2.48s[39m

> real-wargame@0.1.0 lab:smoke
> node scripts/ai_test_lab_smoke.mjs

AI test lab smoke failed:
- src/ui/SceneExport.ts: missing "scene-export-v5-2m-grid"
